# JRE version: Java(TM) SE Runtime Environment (21.0.1+12) (build 21.0.1+12-LTS-29)
# Java VM: Java HotSpot(TM) 64-Bit Server VM (21.0.1+12-LTS-29, mixed mode, sharing, tiered, compressed oops, compressed class ptrs, g1 gc, windows-amd64)
GC Precious Log:
 CardTable entry size: 512
 Card Set container configuration: InlinePtr #cards 5 size 8 Array Of Cards #cards 12 size 40 Howl #buckets 4 coarsen threshold 1843 Howl Bitmap #cards 512 size 80 coarsen threshold 460 Card regions per heap region 1 cards per card region 2048
 CPUs: 8 total, 8 available
 Memory: 7914M
 Large Page Support: Disabled
 NUMA Support: Disabled
 Compressed Oops: Enabled (32-bit)
 Heap Region Size: 1M
 Heap Min Capacity: 8M
 Heap Initial Capacity: 124M
 Heap Max Capacity: 1980M
 Pre-touch: Disabled
 Parallel Workers: 8
 Concurrent Workers: 2
 Concurrent Refinement Workers: 8
 Periodic GC: Disabled
Heap:
 garbage-first heap   total 120832K, used 85504K [0x0000000084400000, 0x0000000100000000)
  region size 1024K, 42 young (43008K), 3 survivors (3072K)
 Metaspace       used 29957K, committed 30464K, reserved 1114112K
  class space    used 3368K, committed 3584K, reserved 1048576K
GC Heap History (14 events):
Event: 0.741 GC heap before
{Heap before GC invocations=0 (full 0):
 garbage-first heap   total 126976K, used 22528K [0x0000000084400000, 0x0000000100000000)
  region size 1024K, 23 young (23552K), 0 survivors (0K)
 Metaspace       used 5640K, committed 5824K, reserved 1114112K
  class space    used 658K, committed 768K, reserved 1048576K
}
Event: 0.753 GC heap after
{Heap after GC invocations=1 (full 0):
 garbage-first heap   total 126976K, used 3712K [0x0000000084400000, 0x0000000100000000)
  region size 1024K, 3 young (3072K), 3 survivors (3072K)
 Metaspace       used 5640K, committed 5824K, reserved 1114112K
  class space    used 658K, committed 768K, reserved 1048576K
}
Event: 1.289 GC heap before
{Heap before GC invocations=1 (full 0):
 garbage-first heap   total 126976K, used 35456K [0x0000000084400000, 0x0000000100000000)
  region size 1024K, 34 young (34816K), 3 survivors (3072K)
 Metaspace       used 9590K, committed 9792K, reserved 1114112K
  class space    used 1137K, committed 1216K, reserved 1048576K
}
Event: 1.295 GC heap after
{Heap after GC invocations=2 (full 0):
 garbage-first heap   total 126976K, used 5447K [0x0000000084400000, 0x0000000100000000)
  region size 1024K, 2 young (2048K), 2 survivors (2048K)
 Metaspace       used 9590K, committed 9792K, reserved 1114112K
  class space    used 1137K, committed 1216K, reserved 1048576K
}
Event: 2.758 GC heap before
{Heap before GC invocations=2 (full 0):
 garbage-first heap   total 126976K, used 78151K [0x0000000084400000, 0x0000000100000000)
  region size 1024K, 74 young (75776K), 2 survivors (2048K)
 Metaspace       used 15727K, committed 16000K, reserved 1114112K
  class space    used 1848K, committed 1984K, reserved 1048576K
}
Event: 2.776 GC heap after
{Heap after GC invocations=3 (full 0):
 garbage-first heap   total 126976K, used 13605K [0x0000000084400000, 0x0000000100000000)
  region size 1024K, 10 young (10240K), 10 survivors (10240K)
 Metaspace       used 15727K, committed 16000K, reserved 1114112K
  class space    used 1848K, committed 1984K, reserved 1048576K
}
Event: 4.499 GC heap before
{Heap before GC invocations=3 (full 0):
 garbage-first heap   total 126976K, used 79141K [0x0000000084400000, 0x0000000100000000)
  region size 1024K, 74 young (75776K), 10 survivors (10240K)
 Metaspace       used 19775K, committed 20096K, reserved 1114112K
  class space    used 2254K, committed 2432K, reserved 1048576K
}
Event: 4.532 GC heap after
{Heap after GC invocations=4 (full 0):
 garbage-first heap   total 126976K, used 16384K [0x0000000084400000, 0x0000000100000000)
  region size 1024K, 4 young (4096K), 4 survivors (4096K)
 Metaspace       used 19775K, committed 20096K, reserved 1114112K
  class space    used 2254K, committed 2432K, reserved 1048576K
}
Event: 4.767 GC heap before
{Heap before GC invocations=4 (full 0):
 garbage-first heap   total 126976K, used 38912K [0x0000000084400000, 0x0000000100000000)
  region size 1024K, 20 young (20480K), 4 survivors (4096K)
 Metaspace       used 21177K, committed 21504K, reserved 1114112K
  class space    used 2460K, committed 2624K, reserved 1048576K
}
Event: 4.777 GC heap after
{Heap after GC invocations=5 (full 0):
 garbage-first heap   total 152576K, used 27136K [0x0000000084400000, 0x0000000100000000)
  region size 1024K, 9 young (9216K), 9 survivors (9216K)
 Metaspace       used 21177K, committed 21504K, reserved 1114112K
  class space    used 2460K, committed 2624K, reserved 1048576K
}
Event: 6.105 GC heap before
{Heap before GC invocations=6 (full 0):
 garbage-first heap   total 96256K, used 95744K [0x0000000084400000, 0x0000000100000000)
  region size 1024K, 73 young (74752K), 9 survivors (9216K)
 Metaspace       used 26745K, committed 27136K, reserved 1114112K
  class space    used 3029K, committed 3200K, reserved 1048576K
}
Event: 6.140 GC heap after
{Heap after GC invocations=7 (full 0):
 garbage-first heap   total 120832K, used 43008K [0x0000000084400000, 0x0000000100000000)
  region size 1024K, 12 young (12288K), 12 survivors (12288K)
 Metaspace       used 26745K, committed 27136K, reserved 1114112K
  class space    used 3029K, committed 3200K, reserved 1048576K
}
Event: 7.198 GC heap before
{Heap before GC invocations=7 (full 0):
 garbage-first heap   total 120832K, used 96256K [0x0000000084400000, 0x0000000100000000)
  region size 1024K, 65 young (66560K), 12 survivors (12288K)
 Metaspace       used 29564K, committed 30080K, reserved 1114112K
  class space    used 3341K, committed 3584K, reserved 1048576K
}
Event: 7.225 GC heap after
{Heap after GC invocations=8 (full 0):
 garbage-first heap   total 120832K, used 46592K [0x0000000084400000, 0x0000000100000000)
  region size 1024K, 3 young (3072K), 3 survivors (3072K)
 Metaspace       used 29564K, committed 30080K, reserved 1114112K
  class space    used 3341K, committed 3584K, reserved 1048576K
}

